nohup: ignoring input

  .   ____          _            __ _ _
 /\\ / ___'_ __ _ _(_)_ __  __ _ \ \ \ \
( ( )\___ | '_ | '_| | '_ \/ _` | \ \ \ \
 \\/  ___)| |_)| | | | | || (_| |  ) ) ) )
  '  |____| .__|_| |_|_| |_\__, | / / / /
 =========|_|==============|___/=/_/_/_/

 :: Spring Boot ::                (v3.5.4)

2025-08-13T19:55:26.426Z  INFO 495 --- [financeiro] [           main] c.willyan.jenkins.FinanceiroApplication  : Starting FinanceiroApplication v0.0.1-SNAPSHOT using Java 17.0.15 with PID 495 (/workspace/jenkins-0.0.1-SNAPSHOT.jar started by root in /)
2025-08-13T19:55:26.430Z  INFO 495 --- [financeiro] [           main] c.willyan.jenkins.FinanceiroApplication  : No active profile set, falling back to 1 default profile: "default"
2025-08-13T19:55:26.915Z  INFO 495 --- [financeiro] [           main] .s.d.r.c.RepositoryConfigurationDelegate : Bootstrapping Spring Data JPA repositories in DEFAULT mode.
2025-08-13T19:55:26.928Z  INFO 495 --- [financeiro] [           main] .s.d.r.c.RepositoryConfigurationDelegate : Finished Spring Data repository scanning in 7 ms. Found 0 JPA repository interfaces.
2025-08-13T19:55:27.222Z  INFO 495 --- [financeiro] [           main] o.s.b.w.embedded.tomcat.TomcatWebServer  : Tomcat initialized with port 8081 (http)
2025-08-13T19:55:27.231Z  INFO 495 --- [financeiro] [           main] o.apache.catalina.core.StandardService   : Starting service [Tomcat]
2025-08-13T19:55:27.231Z  INFO 495 --- [financeiro] [           main] o.apache.catalina.core.StandardEngine    : Starting Servlet engine: [Apache Tomcat/10.1.43]
2025-08-13T19:55:27.247Z  INFO 495 --- [financeiro] [           main] o.a.c.c.C.[Tomcat].[localhost].[/]       : Initializing Spring embedded WebApplicationContext
2025-08-13T19:55:27.248Z  INFO 495 --- [financeiro] [           main] w.s.c.ServletWebServerApplicationContext : Root WebApplicationContext: initialization completed in 765 ms
2025-08-13T19:55:27.387Z  INFO 495 --- [financeiro] [           main] o.hibernate.jpa.internal.util.LogHelper  : HHH000204: Processing PersistenceUnitInfo [name: default]
2025-08-13T19:55:27.421Z  INFO 495 --- [financeiro] [           main] org.hibernate.Version                    : HHH000412: Hibernate ORM core version 6.6.22.Final
2025-08-13T19:55:27.441Z  INFO 495 --- [financeiro] [           main] o.h.c.internal.RegionFactoryInitiator    : HHH000026: Second-level cache disabled
2025-08-13T19:55:27.599Z  INFO 495 --- [financeiro] [           main] o.s.o.j.p.SpringPersistenceUnitInfo      : No LoadTimeWeaver setup: ignoring JPA class transformer
2025-08-13T19:55:27.618Z  INFO 495 --- [financeiro] [           main] com.zaxxer.hikari.HikariDataSource       : HikariPool-1 - Starting...
2025-08-13T19:55:27.744Z  INFO 495 --- [financeiro] [           main] com.zaxxer.hikari.pool.HikariPool        : HikariPool-1 - Added connection conn0: url=jdbc:h2:mem:dbfinanceiro user=SA
2025-08-13T19:55:27.745Z  INFO 495 --- [financeiro] [           main] com.zaxxer.hikari.HikariDataSource       : HikariPool-1 - Start completed.
2025-08-13T19:55:27.763Z  WARN 495 --- [financeiro] [           main] org.hibernate.orm.deprecation            : HHH90000025: H2Dialect does not need to be specified explicitly using 'hibernate.dialect' (remove the property setting and it will be selected by default)
2025-08-13T19:55:27.813Z  INFO 495 --- [financeiro] [           main] org.hibernate.orm.connections.pooling    : HHH10001005: Database info:
	Database JDBC URL [Connecting through datasource 'HikariDataSource (HikariPool-1)']
	Database driver: undefined/unknown
	Database version: 2.3.232
	Autocommit mode: undefined/unknown
	Isolation level: undefined/unknown
	Minimum pool size: undefined/unknown
	Maximum pool size: undefined/unknown
2025-08-13T19:55:28.054Z  INFO 495 --- [financeiro] [           main] o.h.e.t.j.p.i.JtaPlatformInitiator       : HHH000489: No JTA platform available (set 'hibernate.transaction.jta.platform' to enable JTA platform integration)
2025-08-13T19:55:28.056Z  INFO 495 --- [financeiro] [           main] j.LocalContainerEntityManagerFactoryBean : Initialized JPA EntityManagerFactory for persistence unit 'default'
2025-08-13T19:55:28.084Z  WARN 495 --- [financeiro] [           main] JpaBaseConfiguration$JpaWebConfiguration : spring.jpa.open-in-view is enabled by default. Therefore, database queries may be performed during view rendering. Explicitly configure spring.jpa.open-in-view to disable this warning
2025-08-13T19:55:28.342Z  INFO 495 --- [financeiro] [           main] o.s.b.a.h2.H2ConsoleAutoConfiguration    : H2 console available at '/h2-console'. Database available at 'jdbc:h2:mem:dbfinanceiro'
2025-08-13T19:55:28.425Z  INFO 495 --- [financeiro] [           main] o.s.b.w.embedded.tomcat.TomcatWebServer  : Tomcat started on port 8081 (http) with context path '/'
2025-08-13T19:55:28.441Z  INFO 495 --- [financeiro] [           main] c.willyan.jenkins.FinanceiroApplication  : Started FinanceiroApplication in 2.369 seconds (process running for 2.746)
2025-08-13T19:55:30.070Z  INFO 495 --- [financeiro] [nio-8081-exec-1] o.a.c.c.C.[Tomcat].[localhost].[/]       : Initializing Spring DispatcherServlet 'dispatcherServlet'
2025-08-13T19:55:30.070Z  INFO 495 --- [financeiro] [nio-8081-exec-1] o.s.web.servlet.DispatcherServlet        : Initializing Servlet 'dispatcherServlet'
2025-08-13T19:55:30.072Z  INFO 495 --- [financeiro] [nio-8081-exec-1] o.s.web.servlet.DispatcherServlet        : Completed initialization in 1 ms
